<Event xmlns='http://schemas.microsoft.com/win/2004/08/events/event'><System><Provider Name='Microsoft-Windows-Security-Auditing'/><EventID>4624</EventID><Level>0</Level><TimeCreated SystemTime='2026-09-17T13:04:10.000000000Z'/><EventRecordID>500069</EventRecordID><Channel>Security</Channel><Computer>DC01.corp.test</Computer></System><EventData><Data Name="SubjectUserSid">S-1-5-18</Data><Data Name="TargetUserName">guest</Data><Data Name="TargetDomainName">CORP</Data><Data Name="LogonType">3</Data><Data Name="IpAddress">10.0.2.37</Data><Data Name="IpPort">17802</Data><Data Name="AuthenticationPackageName">NTLM</Data><Data Name="LogonGuid">{00000000-0000-0000-0000-000000000000}</Data></EventData></Event>
<Event xmlns='http://schemas.microsoft.com/win/2004/08/events/event'><System><Provider Name='Microsoft-Windows-Security-Auditing'/><EventID>4624</EventID><Level>0</Level><TimeCreated SystemTime='2026-09-17T13:04:17.000000000Z'/><EventRecordID>500070</EventRecordID><Channel>Security</Channel><Computer>DC01.corp.test</Computer></System><EventData><Data Name="SubjectUserSid">S-1-5-18</Data><Data Name="TargetUserName">guest</Data><Data Name="TargetDomainName">CORP</Data><Data Name="LogonType">3</Data><Data Name="IpAddress">10.0.1.40</Data><Data Name="IpPort">5867</Data><Data Name="AuthenticationPackageName">NTLM</Data><Data Name="LogonGuid">{00000000-0000-0000-0000-000000000000}</Data></EventData></Event>
<Event xmlns='http://schemas.microsoft.com/win/2004/08/events/event'><System><Provider Name='Microsoft-Windows-Security-Auditing'/><EventID>4625</EventID><Level>0</Level><TimeCreated SystemTime='2026-09-17T13:04:24.000000000Z'/><EventRecordID>500071</EventRecordID><Channel>Security</Channel><Computer>DC01.corp.test</Computer></System><EventData><Data Name="SubjectUserSid">S-1-5-18</Data><Data Name="TargetUserName">Administrator</Data><Data Name="TargetDomainName">CORP</Data><Data Name="LogonType">10</Data><Data Name="IpAddress">198.18.7.41</Data><Data Name="IpPort">41892</Data><Data Name="AuthenticationPackageName">NTLM</Data><Data Name="Status">0xc000006d</Data><Data Name="SubStatus">0xc0000064</Data></EventData></Event>
<Event xmlns='http://schemas.microsoft.com/win/2004/08/events/event'><System><Provider Name='Microsoft-Windows-Security-Auditing'/><EventID>4624</EventID><Level>0</Level><TimeCreated SystemTime='2026-09-17T13:04:31.000000000Z'/><EventRecordID>500072</EventRecordID><Channel>Security</Channel><Computer>DC01.corp.test</Computer></System><EventData><Data Name="SubjectUserSid">S-1-5-18</Data><Data Name="TargetUserName">jdoe</Data><Data Name="TargetDomainName">CORP</Data><Data Name="LogonType">3</Data><Data Name="IpAddress">10.0.0.40</Data><Data Name="IpPort">38087</Data><Data Name="AuthenticationPackageName">NTLM</Data><Data Name="LogonGuid">{00000000-0000-0000-0000-000000000000}</Data></EventData></Event>
<Event xmlns='http://schemas.microsoft.com/win/2004/08/events/event'><System><Provider Name='Microsoft-Windows-Security-Auditing'/><EventID>4625</EventID><Level>0</Level><TimeCreated SystemTime='2026-09-17T13:04:38.000000000Z'/><EventRecordID>500073</EventRecordID><Channel>Security</Channel><Computer>DC01.corp.test</Computer></System><EventData><Data Name="SubjectUserSid">S-1-5-18</Data><Data Name="TargetUserName">Administrator</Data><Data Name="TargetDomainName">CORP</Data><Data Name="LogonType">2</Data><Data Name="IpAddress">198.18.0.9</Data><Data Name="IpPort">57737</Data><Data Name="AuthenticationPackageName">NTLM</Data><Data Name="Status">0xc000006d</Data><Data Name="SubStatus">0xc0000064</Data></EventData></Event>
<Event xmlns='http://schemas.microsoft.com/win/2004/08/events/event'><System><Provider Name='Microsoft-Windows-Security-Auditing'/><EventID>4624</EventID><Level>0</Level><TimeCreated SystemTime='2026-09-17T13:04:45.000000000Z'/><EventRecordID>500074</EventRecordID><Channel>Security</Channel><Computer>DC01.corp.test</Computer></System><EventData><Data Name="SubjectUserSid">S-1-5-18</Data><Data Name="TargetUserName">svc_backup</Data><Data Name="TargetDomainName">CORP</Data><Data Name="LogonType">3</Data><Data Name="IpAddress">10.0.1.42</Data><Data Name="IpPort">26839</Data><Data Name="AuthenticationPackageName">NTLM</Data><Data Name="LogonGuid">{00000000-0000-0000-0000-000000000000}</Data></EventData></Event>
<Event xmlns='http://schemas.microsoft.com/win/2004/08/events/event'><System><Provider Name='Microsoft-Windows-Security-Auditing'/><EventID>4624</EventID><Level>0</Level><TimeCreated SystemTime='2026-09-17T13:04:52.000000000Z'/><EventRecordID>500075</EventRecordID><Channel>Security</Channel><Computer>DC01.corp.test</Computer></System><EventData><Data Name="SubjectUserSid">S-1-5-18</Data><Data Name="TargetUserName">Administrator</Data><Data Name="TargetDomainName">CORP</Data><Data Name="LogonType">3</Data><Data Name="IpAddress">10.0.2.43</Data><Data Name="IpPort">22976</Data><Data Name="AuthenticationPackageName">NTLM</Data><Data Name="LogonGuid">{00000000-0000-0000-0000-000000000000}</Data></EventData></Event>
<Event xmlns='http://schemas.microsoft.com/win/2004/08/events/event'><System><Provider Name='Microsoft-Windows-Security-Auditing'/><EventID>4625</EventID><Level>0</Level><TimeCreated SystemTime='2026-09-17T13:04:59.000000000Z'/><EventRecordID>500076</EventRecordID><Channel>Security</Channel><Computer>DC01.corp.test</Computer></System><EventData><Data Name="SubjectUserSid">S-1-5-18</Data><Data Name="TargetUserName">jdoe</Data><Data Name="TargetDomainName">CORP</Data><Data Name="LogonType">2</Data><Data Name="IpAddress">198.18.0.9</Data><Data Name="IpPort">43833</Data><Data Name="AuthenticationPackageName">NTLM</Data><Data Name="Status">0xc000006d</Data><Data Name="SubStatus">0xc0000064</Data></EventData></Event>
<Event xmlns='http://schemas.microsoft.com/win/2004/08/events/event'><System><Provider Name='Microsoft-Windows-Security-Auditing'/><EventID>4624</EventID><Level>0</Level><TimeCreated SystemTime='2026-09-17T13:05:06.000000000Z'/><EventRecordID>500077</EventRecordID><Channel>Security</Channel><Computer>DC01.corp.test</Computer></System><EventData><Data Name="SubjectUserSid">S-1-5-18</Data><Data Name="TargetUserName">jdoe</Data><Data Name="TargetDomainName">CORP</Data><Data Name="LogonType">10</Data><Data Name="IpAddress">10.0.0.51</Data><Data Name="IpPort">6420</Data><Data Name="AuthenticationPackageName">NTLM</Data><Data Name="LogonGuid">{00000000-0000-0000-0000-000000000000}</Data></EventData></Event>
<Event xmlns='http://schemas.microsoft.com/win/2004/08/events/event'><System><Provider Name='Microsoft-Windows-Security-Auditing'/><EventID>4625</EventID><Level>0</Level><TimeCreated SystemTime='2026-09-17T13:05:13.000000000Z'/><EventRecordID>500078</EventRecordID><Channel>Security</Channel><Computer>DC01.corp.test</Computer></System><EventData><Data Name="SubjectUserSid">S-1-5-18</Data><Data Name="TargetUserName">guest</Data><Data Name="TargetDomainName">CORP</Data><Data Name="LogonType">3</Data><Data Name="IpAddress">45.83.64.12</Data><Data Name="IpPort">10785</Data><Data Name="AuthenticationPackageName">NTLM</Data><Data Name="Status">0xc000006d</Data><Data Name="SubStatus">0xc0000064</Data></EventData></Event>
<Event xmlns='http://schemas.microsoft.com/win/2004/08/events/event'><System><Provider Name='Microsoft-Windows-Security-Auditing'/><EventID>4624</EventID><Level>0</Level><TimeCreated SystemTime='2026-09-17T13:05:20.000000000Z'/><EventRecordID>500079</EventRecordID><Channel>Security</Channel><Computer>DC01.corp.test</Computer></System><EventData><Data Name="SubjectUserSid">S-1-5-18</Data><Data Name="TargetUserName">jdoe</Data><Data Name="TargetDomainName">CORP</Data><Data Name="LogonType">10</Data><Data Name="IpAddress">10.0.1.29</Data><Data Name="IpPort">43569</Data><Data Name="AuthenticationPackageName">NTLM</Data><Data Name="LogonGuid">{00000000-0000-0000-0000-000000000000}</Data></EventData></Event>
<Event xmlns='http://schemas.microsoft.com/win/2004/08/events/event'><System><Provider Name='Microsoft-Windows-Security-Auditing'/><EventID>4625</EventID><Level>0</Level><TimeCreated SystemTime='2026-09-17T13:05:27.000000000Z'/><EventRecordID>500080</EventRecordID><Channel>Security</Channel><Computer>DC01.corp.test</Computer></System><EventData><Data Name="SubjectUserSid">S-1-5-18</Data><Data Name="TargetUserName">guest</Data><Data Name="TargetDomainName">CORP</Data><Data Name="LogonType">3</Data><Data Name="IpAddress">45.83.64.12</Data><Data Name="IpPort">32647</Data><Data Name="AuthenticationPackageName">NTLM</Data><Data Name="Status">0xc000006d</Data><Data Name="SubStatus">0xc0000064</Data></EventData></Event>
<Event xmlns='http://schemas.microsoft.com/win/2004/08/events/event'><System><Provider Name='Microsoft-Windows-Security-Auditing'/><EventID>4624</EventID><Level>0</Level><TimeCreated SystemTime='2026-09-17T13:05:34.000000000Z'/><EventRecordID>500081</EventRecordID><Channel>Security</Channel><Computer>DC01.corp.test</Computer></System><EventData><Data Name="SubjectUserSid">S-1-5-18</Data><Data Name="TargetUserName">guest</Data><Data Name="TargetDomainName">CORP</Data><Data Name="LogonType">10</Data><Data Name="IpAddress">10.0.0.11</Data><Data Name="IpPort">19718</Data><Data Name="AuthenticationPackageName">NTLM</Data><Data Name="LogonGuid">{00000000-0000-0000-0000-000000000000}</Data></EventData></Event>
<Event xmlns='http://schemas.microsoft.com/win/2004/08/events/event'><System><Provider Name='Microsoft-Windows-Security-Auditing'/><EventID>4625</EventID><Level>0</Level><TimeCreated SystemTime='2026-09-17T13:05:41.000000000Z'/><EventRecordID>500082</EventRecordID><Channel>Security</Channel><Computer>DC01.corp.test</Computer></System><EventData><Data Name="SubjectUserSid">S-1-5-18</Data><Data Name="TargetUserName">svc_backup</Data><Data Name="TargetDomainName">CORP</Data><Data Name="LogonType">10</Data><Data Name="IpAddress">198.18.0.9</Data><Data Name="IpPort">43709</Data><Data Name="AuthenticationPackageName">NTLM</Data><Data Name="Status">0xc000006d</Data><Data Name="SubStatus">0xc0000064</Data></EventData></Event>
<Event xmlns='http://schemas.microsoft.com/win/2004/08/events/event'><System><Provider Name='Microsoft-Windows-Security-Auditing'/><EventID>4625</EventID><Level>0</Level><TimeCreated SystemTime='2026-09-17T13:05:48.000000000Z'/><EventRecordID>500083</EventRecordID><Channel>Security</Channel><Computer>DC01.corp.test</Computer></System><EventData><Data Name="SubjectUserSid">S-1-5-18</Data><Data Name="TargetUserName">svc_backup</Data><Data Name="TargetDomainName">CORP</Data><Data Name="LogonType">3</Data><Data Name="IpAddress">198.18.0.9</Data><Data Name="IpPort">19841</Data><Data Name="AuthenticationPackageName">NTLM</Data><Data Name="Status">0xc000006d</Data><Data Name="SubStatus">0xc0000064</Data></EventData></Event>
<Event xmlns='http://schemas.microsoft.com/win/2004/08/events/event'><System><Provider Name='Microsoft-Windows-Security-Auditing'/><EventID>4624</EventID><Level>0</Level><TimeCreated SystemTime='2026-09-17T13:05:55.000000000Z'/><EventRecordID>500084</EventRecordID><Channel>Security</Channel><Computer>DC01.corp.test</Computer></System><EventData><Data Name="SubjectUserSid">S-1-5-18</Data><Data Name="TargetUserName">guest</Data><Data Name="TargetDomainName">CORP</Data><Data Name="LogonType">3</Data><Data Name="IpAddress">10.0.0.58</Data><Data Name="IpPort">58238</Data><Data Name="AuthenticationPackageName">NTLM</Data><Data Name="LogonGuid">{00000000-0000-0000-0000-000000000000}</Data></EventData></Event>
<Event xmlns='http://schemas.microsoft.com/win/2004/08/events/event'><System><Provider Name='Microsoft-Windows-Security-Auditing'/><EventID>4625</EventID><Level>0</Level><TimeCreated SystemTime='2026-09-17T13:06:02.000000000Z'/><EventRecordID>500085</EventRecordID><Channel>Security</Channel><Computer>DC01.corp.test</Computer></System><EventData><Data Name="SubjectUserSid">S-1-5-18</Data><Data Name="TargetUserName">Administrator</Data><Data Name="TargetDomainName">CORP</Data><Data Name="LogonType">2</Data><Data Name="IpAddress">45.83.64.12</Data><Data Name="IpPort">41685</Data><Data Name="AuthenticationPackageName">NTLM</Data><Data Name="Status">0xc000006d</Data><Data Name="SubStatus">0xc0000064</Data></EventData></Event>
<Event xmlns='http://schemas.microsoft.com/win/2004/08/events/event'><System><Provider Name='Microsoft-Windows-Security-Auditing'/><EventID>4624</EventID><Level>0</Level><TimeCreated SystemTime='2026-09-17T13:06:09.000000000Z'/><EventRecordID>500086</EventRecordID><Channel>Security</Channel><Computer>DC01.corp.test</Computer></System><EventData><Data Name="SubjectUserSid">S-1-5-18</Data><Data Name="TargetUserName">guest</Data><Data Name="TargetDomainName">CORP</Data><Data Name="LogonType">3</Data><Data Name="IpAddress">10.0.2.47</Data><Data Name="IpPort">49263</Data><Data Name="AuthenticationPackageName">NTLM</Data><Data Name="LogonGuid">{00000000-0000-0000-0000-000000000000}</Data></EventData></Event>
<Event xmlns='http://schemas.microsoft.com/win/2004/08/events/event'><System><Provider Name='Microsoft-Windows-Security-Auditing'/><EventID>4624</EventID><Level>0</Level><TimeCreated SystemTime='2026-09-17T13:06:16.000000000Z'/><EventRecordID>500087</EventRecordID><Channel>Security</Channel><Computer>DC01.corp.test</Computer></System><EventData><Data Name="SubjectUserSid">S-1-5-18</Data><Data Name="TargetUserName">svc_backup</Data><Data Name="TargetDomainName">CORP</Data><Data Name="LogonType">10</Data><Data Name="IpAddress">10.0.1.38</Data><Data Name="IpPort">10393</Data><Data Name="AuthenticationPackageName">NTLM</Data><Data Name="LogonGuid">{00000000-0000-0000-0000-000000000000}</Data></EventData></Event>
<Event xmlns='http://schemas.microsoft.com/win/2004/08/events/event'><System><Provider Name='Microsoft-Windows-Security-Auditing'/><EventID>4625</EventID><Level>0</Level><TimeCreated SystemTime='2026-09-17T13:06:23.000000000Z'/><EventRecordID>500088</EventRecordID><Channel>Security</Channel><Computer>DC01.corp.test</Computer></System><EventData><Data Name="SubjectUserSid">S-1-5-18</Data><Data Name="TargetUserName">Administrator</Data><Data Name="TargetDomainName">CORP</Data><Data Name="LogonType">2</Data><Data Name="IpAddress">198.18.7.41</Data><Data Name="IpPort">51813</Data><Data Name="AuthenticationPackageName">NTLM</Data><Data Name="Status">0xc000006d</Data><Data Name="SubStatus">0xc0000064</Data></EventData></Event>
<Event xmlns='http://schemas.microsoft.com/win/2004/08/events/event'><System><Provider Name='Microsoft-Windows-Security-Auditing'/><EventID>4625</EventID><Level>0</Level><TimeCreated SystemTime='2026-09-17T13:06:30.000000000Z'/><EventRecordID>500089</EventRecordID><Channel>Security</Channel><Computer>DC01.corp.test</Computer></System><EventData><Data Name="SubjectUserSid">S-1-5-18</Data><Data Name="TargetUserName">jdoe</Data><Data Name="TargetDomainName">CORP</Data><Data Name="LogonType">10</Data><Data Name="IpAddress">198.18.0.9</Data><Data Name="IpPort">65211</Data><Data Name="AuthenticationPackageName">NTLM</Data><Data Name="Status">0xc000006d</Data><Data Name="SubStatus">0xc0000064</Data></EventData></Event>
<Event xmlns='http://schemas.microsoft.com/win/2004/08/events/event'><System><Provider Name='Microsoft-Windows-Security-Auditing'/><EventID>4625</EventID><Level>0</Level><TimeCreated SystemTime='2026-09-17T13:06:37.000000000Z'/><EventRecordID>500090</EventRecordID><Channel>Security</Channel><Computer>DC01.corp.test</Computer></System><EventData><Data Name="SubjectUserSid">S-1-5-18</Data><Data Name="TargetUserName">jdoe</Data><Data Name="TargetDomainName">CORP</Data><Data Name="LogonType">2</Data><Data Name="IpAddress">45.83.64.12</Data><Data Name="IpPort">20132</Data><Data Name="AuthenticationPackageName">NTLM</Data><Data Name="Status">0xc000006d</Data><Data Name="SubStatus">0xc0000064</Data></EventData></Event>
<Event xmlns='http://schemas.microsoft.com/win/2004/08/events/event'><System><Provider Name='Microsoft-Windows-Security-Auditing'/><EventID>4625</EventID><Level>0</Level><TimeCreated SystemTime='2026-09-17T13:06:44.000000000Z'/><EventRecordID>500091</EventRecordID><Channel>Security</Channel><Computer>DC01.corp.test</Computer></System><EventData><Data Name="SubjectUserSid">S-1-5-18</Data><Data Name="TargetUserName">jdoe</Data><Data Name="TargetDomainName">CORP</Data><Data Name="LogonType">2</Data><Data Name="IpAddress">198.18.0.9</Data><Data Name="IpPort">20638</Data><Data Name="AuthenticationPackageName">NTLM</Data><Data Name="Status">0xc000006d</Data><Data Name="SubStatus">0xc0000064</Data></EventData></Event>
<Event xmlns='http://schemas.microsoft.com/win/2004/08/events/event'><System><Provider Name='Microsoft-Windows-Security-Auditing'/><EventID>4625</EventID><Level>0</Level><TimeCreated SystemTime='2026-09-17T13:06:51.000000000Z'/><EventRecordID>500092</EventRecordID><Channel>Security</Channel><Computer>DC01.corp.test</Computer></System><EventData><Data Name="SubjectUserSid">S-1-5-18</Data><Data Name="TargetUserName">guest</Data><Data Name="TargetDomainName">CORP</Data><Data Name="LogonType">2</Data><Data Name="IpAddress">45.83.64.12</Data><Data Name="IpPort">44114</Data><Data Name="AuthenticationPackageName">NTLM</Data><Data Name="Status">0xc000006d</Data><Data Name="SubStatus">0xc0000064</Data></EventData></Event>
<Event xmlns='http://schemas.microsoft.com/win/2004/08/events/event'><System><Provider Name='Microsoft-Windows-Security-Auditing'/><EventID>4625</EventID><Level>0</Level><TimeCreated SystemTime='2026-09-17T13:06:58.000000000Z'/><EventRecordID>500093</EventRecordID><Channel>Security</Channel><Computer>DC01.corp.test</Computer></System><EventData><Data Name="SubjectUserSid">S-1-5-18</Data><Data Name="TargetUserName">jdoe</Data><Data Name="TargetDomainName">CORP</Data><Data Name="LogonType">3</Data><Data Name="IpAddress">198.18.7.41</Data><Data Name="IpPort">44679</Data><Data Name="AuthenticationPackageName">NTLM</Data><Data Name="Status">0xc000006d</Data><Data Name="SubStatus">0xc0000064</Data></EventData></Event>
<Event xmlns='http://schemas.microsoft.com/win/2004/08/events/event'><System><Provider Name='Microsoft-Windows-Security-Auditing'/><EventID>4625</EventID><Level>0</Level><TimeCreated SystemTime='2026-09-17T13:07:05.000000000Z'/><EventRecordID>500094</EventRecordID><Channel>Security</Channel><Computer>DC01.corp.test</Computer></System><EventData><Data Name="SubjectUserSid">S-1-5-18</Data><Data Name="TargetUserName">guest</Data><Data Name="TargetDomainName">CORP</Data><Data Name="LogonType">2</Data><Data Name="IpAddress">198.18.7.41</Data><Data Name="IpPort">21039</Data><Data Name="AuthenticationPackageName">NTLM</Data><Data Name="Status">0xc000006d</Data><Data Name="SubStatus">0xc0000064</Data></EventData></Event>
<Event xmlns='http://schemas.microsoft.com/win/2004/08/events/event'><System><Provider Name='Microsoft-Windows-Security-Auditing'/><EventID>4624</EventID><Level>0</Level><TimeCreated SystemTime='2026-09-17T13:07:12.000000000Z'/><EventRecordID>500095</EventRecordID><Channel>Security</Channel><Computer>DC01.corp.test</Computer></System><EventData><Data Name="SubjectUserSid">S-1-5-18</Data><Data Name="TargetUserName">guest</Data><Data Name="TargetDomainName">CORP</Data><Data Name="LogonType">3</Data><Data Name="IpAddress">10.0.2.37</Data><Data Name="IpPort">7772</Data><Data Name="AuthenticationPackageName">NTLM</Data><Data Name="LogonGuid">{00000000-0000-0000-0000-000000000000}</Data></EventData></Event>
<Event xmlns='http://schemas.microsoft.com/win/2004/08/events/event'><System><Provider Name='Microsoft-Windows-Security-Auditing'/><EventID>4624</EventID><Level>0</Level><TimeCreated SystemTime='2026-09-17T13:07:19.000000000Z'/><EventRecordID>500096</EventRecordID><Channel>Security</Channel><Computer>DC01.corp.test</Computer></System><EventData><Data Name="SubjectUserSid">S-1-5-18</Data><Data Name="TargetUserName">Administrator</Data><Data Name="TargetDomainName">CORP</Data><Data Name="LogonType">10</Data><Data Name="IpAddress">10.0.2.42</Data><Data Name="IpPort">15437</Data><Data Name="AuthenticationPackageName">NTLM</Data><Data Name="LogonGuid">{00000000-0000-0000-0000-000000000000}</Data></EventData></Event>
<Event xmlns='http://schemas.microsoft.com/win/2004/08/events/event'><System><Provider Name='Microsoft-Windows-Security-Auditing'/><EventID>4625</EventID><Level>0</Level><TimeCreated SystemTime='2026-09-17T13:07:26.000000000Z'/><EventRecordID>500097</EventRecordID><Channel>Security</Channel><Computer>DC01.corp.test</Computer></System><EventData><Data Name="SubjectUserSid">S-1-5-18</Data><Data Name="TargetUserName">Administrator</Data><Data Name="TargetDomainName">CORP</Data><Data Name="LogonType">3</Data><Data Name="IpAddress">198.18.7.41</Data><Data Name="IpPort">38041</Data><Data Name="AuthenticationPackageName">NTLM</Data><Data Name="Status">0xc000006d</Data><Data Name="SubStatus">0xc0000064</Data></EventData></Event>
<Event xmlns='http://schemas.microsoft.com/win/2004/08/events/event'><System><Provider Name='Microsoft-Windows-Security-Auditing'/><EventID>4624</EventID><Level>0</Level><TimeCreated SystemTime='2026-09-17T13:07:33.000000000Z'/><EventRecordID>500098</EventRecordID><Channel>Security</Channel><Computer>DC01.corp.test</Computer></System><EventData><Data Name="SubjectUserSid">S-1-5-18</Data><Data Name="TargetUserName">Administrator</Data><Data Name="TargetDomainName">CORP</Data><Data Name="LogonType">3</Data><Data Name="IpAddress">10.0.2.32</Data><Data Name="IpPort">13190</Data><Data Name="AuthenticationPackageName">NTLM</Data><Data Name="LogonGuid">{00000000-0000-0000-0000-000000000000}</Data></EventData></Event>
<Event xmlns='http://schemas.microsoft.com/win/2004/08/events/event'><System><Provider Name='Microsoft-Windows-Security-Auditing'/><EventID>4624</EventID><Level>0</Level><TimeCreated SystemTime='2026-09-17T13:07:40.000000000Z'/><EventRecordID>500099</EventRecordID><Channel>Security</Channel><Computer>DC01.corp.test</Computer></System><EventData><Data Name="SubjectUserSid">S-1-5-18</Data><Data Name="TargetUserName">svc_backup</Data><Data Name="TargetDomainName">CORP</Data><Data Name="LogonType">2</Data><Data Name="IpAddress">10.0.1.16</Data><Data Name="IpPort">55175</Data><Data Name="AuthenticationPackageName">NTLM</Data><Data Name="LogonGuid">{00000000-0000-0000-0000-000000000000}</Data></EventData></Event>
<Event xmlns='http://schemas.microsoft.com/win/2004/08/events/event'><System><Provider Name='Microsoft-Windows-Security-Auditing'/><EventID>4624</EventID><Level>0</Level><TimeCreated SystemTime='2026-09-17T13:07:47.000000000Z'/><EventRecordID>500100</EventRecordID><Channel>Security</Channel><Computer>DC01.corp.test</Computer></System><EventData><Data Name="SubjectUserSid">S-1-5-18</Data><Data Name="TargetUserName">Administrator</Data><Data Name="TargetDomainName">CORP</Data><Data Name="LogonType">3</Data><Data Name="IpAddress">10.0.1.35</Data><Data Name="IpPort">44615</Data><Data Name="AuthenticationPackageName">NTLM</Data><Data Name="LogonGuid">{00000000-0000-0000-0000-000000000000}</Data></EventData></Event>
<Event xmlns='http://schemas.microsoft.com/win/2004/08/events/event'><System><Provider Name='Microsoft-Windows-Security-Auditing'/><EventID>4624</EventID><Level>0</Level><TimeCreated SystemTime='2026-09-17T13:07:54.000000000Z'/><EventRecordID>500101</EventRecordID><Channel>Security</Channel><Computer>DC01.corp.test</Computer></System><EventData><Data Name="SubjectUserSid">S-1-5-18</Data><Data Name="TargetUserName">svc_backup</Data><Data Name="TargetDomainName">CORP</Data><Data Name="LogonType">3</Data><Data Name="IpAddress">10.0.0.25</Data><Data Name="IpPort">7000</Data><Data Name="AuthenticationPackageName">NTLM</Data><Data Name="LogonGuid">{00000000-0000-0000-0000-000000000000}</Data></EventData></Event>
<Event xmlns='http://schemas.microsoft.com/win/2004/08/events/event'><System><Provider Name='Microsoft-Windows-Security-Auditing'/><EventID>4624</EventID><Level>0</Level><TimeCreated SystemTime='2026-09-17T13:08:01.000000000Z'/><EventRecordID>500102</EventRecordID><Channel>Security</Channel><Computer>DC01.corp.test</Computer></System><EventData><Data Name="SubjectUserSid">S-1-5-18</Data><Data Name="TargetUserName">jdoe</Data><Data Name="TargetDomainName">CORP</Data><Data Name="LogonType">2</Data><Data Name="IpAddress">10.0.2.42</Data><Data Name="IpPort">38477</Data><Data Name="AuthenticationPackageName">NTLM</Data><Data Name="LogonGuid">{00000000-0000-0000-0000-000000000000}</Data></EventData></Event>
<Event xmlns='http://schemas.microsoft.com/win/2004/08/events/event'><System><Provider Name='Microsoft-Windows-Security-Auditing'/><EventID>4624</EventID><Level>0</Level><TimeCreated SystemTime='2026-09-17T13:08:08.000000000Z'/><EventRecordID>500103</EventRecordID><Channel>Security</Channel><Computer>DC01.corp.test</Computer></System><EventData><Data Name="SubjectUserSid">S-1-5-18</Data><Data Name="TargetUserName">jdoe</Data><Data Name="TargetDomainName">CORP</Data><Data Name="LogonType">2</Data><Data Name="IpAddress">10.0.1.5</Data><Data Name="IpPort">51413</Data><Data Name="AuthenticationPackageName">NTLM</Data><Data Name="LogonGuid">{00000000-0000-0000-0000-000000000000}</Data></EventData></Event>
<Event xmlns='http://schemas.microsoft.com/win/2004/08/events/event'><System><Provider Name='Microsoft-Windows-Security-Auditing'/><EventID>4624</EventID><Level>0</Level><TimeCreated SystemTime='2026-09-17T13:08:15.000000000Z'/><EventRecordID>500104</EventRecordID><Channel>Security</Channel><Computer>DC01.corp.test</Computer></System><EventData><Data Name="SubjectUserSid">S-1-5-18</Data><Data Name="TargetUserName">guest</Data><Data Name="TargetDomainName">CORP</Data><Data Name="LogonType">2</Data><Data Name="IpAddress">10.0.0.16</Data><Data Name="IpPort">26538</Data><Data Name="AuthenticationPackageName">NTLM</Data><Data Name="LogonGuid">{00000000-0000-0000-0000-000000000000}</Data></EventData></Event>
<Event xmlns='http://schemas.microsoft.com/win/2004/08/events/event'><System><Provider Name='Microsoft-Windows-Security-Auditing'/><EventID>4624</EventID><Level>0</Level><TimeCreated SystemTime='2026-09-17T13:08:22.000000000Z'/><EventRecordID>500105</EventRecordID><Channel>Security</Channel><Computer>DC01.corp.test</Computer></System><EventData><Data Name="SubjectUserSid">S-1-5-18</Data><Data Name="TargetUserName">guest</Data><Data Name="TargetDomainName">CORP</Data><Data Name="LogonType">10</Data><Data Name="IpAddress">10.0.0.45</Data><Data Name="IpPort">33072</Data><Data Name="AuthenticationPackageName">NTLM</Data><Data Name="LogonGuid">{00000000-0000-0000-0000-000000000000}</Data></EventData></Event>
<Event xmlns='http://schemas.microsoft.com/win/2004/08/events/event'><System><Provider Name='Microsoft-Windows-Security-Auditing'/><EventID>4624</EventID><Level>0</Level><TimeCreated SystemTime='2026-09-17T13:08:29.000000000Z'/><EventRecordID>500106</EventRecordID><Channel>Security</Channel><Computer>DC01.corp.test</Computer></System><EventData><Data Name="SubjectUserSid">S-1-5-18</Data><Data Name="TargetUserName">jdoe</Data><Data Name="TargetDomainName">CORP</Data><Data Name="LogonType">2</Data><Data Name="IpAddress">10.0.1.43</Data><Data Name="IpPort">9822</Data><Data Name="AuthenticationPackageName">NTLM</Data><Data Name="LogonGuid">{00000000-0000-0000-0000-000000000000}</Data></EventData></Event>
<Event xmlns='http://schemas.microsoft.com/win/2004/08/events/event'><System><Provider Name='Microsoft-Windows-Security-Auditing'/><EventID>4625</EventID><Level>0</Level><TimeCreated SystemTime='2026-09-17T13:08:36.000000000Z'/><EventRecordID>500107</EventRecordID><Channel>Security</Channel><Computer>DC01.corp.test</Computer></System><EventData><Data Name="SubjectUserSid">S-1-5-18</Data><Data Name="TargetUserName">jdoe</Data><Data Name="TargetDomainName">CORP</Data><Data Name="LogonType">3</Data><Data Name="IpAddress">45.83.64.12</Data><Data Name="IpPort">62658</Data><Data Name="AuthenticationPackageName">NTLM</Data><Data Name="Status">0xc000006d</Data><Data Name="SubStatus">0xc0000064</Data></EventData></Event>
<Event xmlns='http://schemas.microsoft.com/win/2004/08/events/event'><System><Provider Name='Microsoft-Windows-Security-Auditing'/><EventID>4624</EventID><Level>0</Level><TimeCreated SystemTime='2026-09-17T13:08:43.000000000Z'/><EventRecordID>500108</EventRecordID><Channel>Security</Channel><Computer>DC01.corp.test</Computer></System><EventData><Data Name="SubjectUserSid">S-1-5-18</Data><Data Name="TargetUserName">jdoe</Data><Data Name="TargetDomainName">CORP</Data><Data Name="LogonType">2</Data><Data Name="IpAddress">10.0.1.5</Data><Data Name="IpPort">32237</Data><Data Name="AuthenticationPackageName">NTLM</Data><Data Name="LogonGuid">{00000000-0000-0000-0000-000000000000}</Data></EventData></Event>
<Event xmlns='http://schemas.microsoft.com/win/2004/08/events/event'><System><Provider Name='Microsoft-Windows-Security-Auditing'/><EventID>4625</EventID><Level>0</Level><TimeCreated SystemTime='2026-09-17T13:08:50.000000000Z'/><EventRecordID>500109</EventRecordID><Channel>Security</Channel><Computer>DC01.corp.test</Computer></System><EventData><Data Name="SubjectUserSid">S-1-5-18</Data><Data Name="TargetUserName">svc_backup</Data><Data Name="TargetDomainName">CORP</Data><Data Name="LogonType">3</Data><Data Name="IpAddress">198.18.7.41</Data><Data Name="IpPort">27451</Data><Data Name="AuthenticationPackageName">NTLM</Data><Data Name="Status">0xc000006d</Data><Data Name="SubStatus">0xc0000064</Data></EventData></Event>
<Event xmlns='http://schemas.microsoft.com/win/2004/08/events/event'><System><Provider Name='Microsoft-Windows-Security-Auditing'/><EventID>4625</EventID><Level>0</Level><TimeCreated SystemTime='2026-09-17T13:08:57.000000000Z'/><EventRecordID>500110</EventRecordID><Channel>Security</Channel><Computer>DC01.corp.test</Computer></System><EventData><Data Name="SubjectUserSid">S-1-5-18</Data><Data Name="TargetUserName">Administrator</Data><Data Name="TargetDomainName">CORP</Data><Data Name="LogonType">3</Data><Data Name="IpAddress">45.83.64.12</Data><Data Name="IpPort">38951</Data><Data Name="AuthenticationPackageName">NTLM</Data><Data Name="Status">0xc000006d</Data><Data Name="SubStatus">0xc0000064</Data></EventData></Event>
<Event xmlns='http://schemas.microsoft.com/win/2004/08/events/event'><System><Provider Name='Microsoft-Windows-Security-Auditing'/><EventID>4625</EventID><Level>0</Level><TimeCreated SystemTime='2026-09-17T13:09:04.000000000Z'/><EventRecordID>500111</EventRecordID><Channel>Security</Channel><Computer>DC01.corp.test</Computer></System><EventData><Data Name="SubjectUserSid">S-1-5-18</Data><Data Name="TargetUserName">guest</Data><Data Name="TargetDomainName">CORP</Data><Data Name="LogonType">2</Data><Data Name="IpAddress">198.18.0.9</Data><Data Name="IpPort">3553</Data><Data Name="AuthenticationPackageName">NTLM</Data><Data Name="Status">0xc000006d</Data><Data Name="SubStatus">0xc0000064</Data></EventData></Event>
<Event xmlns='http://schemas.microsoft.com/win/2004/08/events/event'><System><Provider Name='Microsoft-Windows-Security-Auditing'/><EventID>4625</EventID><Level>0</Level><TimeCreated SystemTime='2026-09-17T13:09:11.000000000Z'/><EventRecordID>500112</EventRecordID><Channel>Security</Channel><Computer>DC01.corp.test</Computer></System><EventData><Data Name="SubjectUserSid">S-1-5-18</Data><Data Name="TargetUserName">svc_backup</Data><Data Name="TargetDomainName">CORP</Data><Data Name="LogonType">10</Data><Data Name="IpAddress">198.18.0.9</Data><Data Name="IpPort">53919</Data><Data Name="AuthenticationPackageName">NTLM</Data><Data Name="Status">0xc000006d</Data><Data Name="SubStatus">0xc0000064</Data></EventData></Event>
<Event xmlns='http://schemas.microsoft.com/win/2004/08/events/event'><System><Provider Name='Microsoft-Windows-Security-Auditing'/><EventID>4625</EventID><Level>0</Level><TimeCreated SystemTime='2026-09-17T13:09:18.000000000Z'/><EventRecordID>500113</EventRecordID><Channel>Security</Channel><Computer>DC01.corp.test</Computer></System><EventData><Data Name="SubjectUserSid">S-1-5-18</Data><Data Name="TargetUserName">guest</Data><Data Name="TargetDomainName">CORP</Data><Data Name="LogonType">2</Data><Data Name="IpAddress">198.18.7.41</Data><Data Name="IpPort">5543</Data><Data Name="AuthenticationPackageName">NTLM</Data><Data Name="Status">0xc000006d</Data><Data Name="SubStatus">0xc0000064</Data></EventData></Event>
<Event xmlns='http://schemas.microsoft.com/win/2004/08/events/event'><System><Provider Name='Microsoft-Windows-Security-Auditing'/><EventID>4624</EventID><Level>0</Level><TimeCreated SystemTime='2026-09-17T13:09:25.000000000Z'/><EventRecordID>500114</EventRecordID><Channel>Security</Channel><Computer>DC01.corp.test</Computer></System><EventData><Data Name="SubjectUserSid">S-1-5-18</Data><Data Name="TargetUserName">Administrator</Data><Data Name="TargetDomainName">CORP</Data><Data Name="LogonType">2</Data><Data Name="IpAddress">10.0.0.38</Data><Data Name="IpPort">49788</Data><Data Name="AuthenticationPackageName">NTLM</Data><Data Name="LogonGuid">{00000000-0000-0000-0000-000000000000}</Data></EventData></Event>
<Event xmlns='http://schemas.microsoft.com/win/2004/08/events/event'><System><Provider Name='Microsoft-Windows-Security-Auditing'/><EventID>4625</EventID><Level>0</Level><TimeCreated SystemTime='2026-09-17T13:09:32.000000000Z'/><EventRecordID>500115</EventRecordID><Channel>Security</Channel><Computer>DC01.corp.test</Computer></System><EventData><Data Name="SubjectUserSid">S-1-5-18</Data><Data Name="TargetUserName">guest</Data><Data Name="TargetDomainName">CORP</Data><Data Name="LogonType">2</Data><Data Name="IpAddress">45.83.64.12</Data><Data Name="IpPort">21024</Data><Data Name="AuthenticationPackageName">NTLM</Data><Data Name="Status">0xc000006d</Data><Data Name="SubStatus">0xc0000064</Data></EventData></Event>
<Event xmlns='http://schemas.microsoft.com/win/2004/08/events/event'><System><Provider Name='Microsoft-Windows-Security-Auditing'/><EventID>4624</EventID><Level>0</Level><TimeCreated SystemTime='2026-09-17T13:09:39.000000000Z'/><EventRecordID>500116</EventRecordID><Channel>Security</Channel><Computer>DC01.corp.test</Computer></System><EventData><Data Name="SubjectUserSid">S-1-5-18</Data><Data Name="TargetUserName">jdoe</Data><Data Name="TargetDomainName">CORP</Data><Data Name="LogonType">2</Data><Data Name="IpAddress">10.0.1.52</Data><Data Name="IpPort">61487</Data><Data Name="AuthenticationPackageName">NTLM</Data><Data Name="LogonGuid">{00000000-0000-0000-0000-000000000000}</Data></EventData></Event>
<Event xmlns='http://schemas.microsoft.com/win/2004/08/events/event'><System><Provider Name='Microsoft-Windows-Security-Auditing'/><EventID>4624</EventID><Level>0</Level><TimeCreated SystemTime='2026-09-17T13:09:46.000000000Z'/><EventRecordID>500117</EventRecordID><Channel>Security</Channel><Computer>DC01.corp.test</Computer></System><EventData><Data Name="SubjectUserSid">S-1-5-18</Data><Data Name="TargetUserName">svc_backup</Data><Data Name="TargetDomainName">CORP</Data><Data Name="LogonType">2</Data><Data Name="IpAddress">10.0.0.31</Data><Data Name="IpPort">44667</Data><Data Name="AuthenticationPackageName">NTLM</Data><Data Name="LogonGuid">{00000000-0000-0000-0000-000000000000}</Data></EventData></Event>
<Event xmlns='http://schemas.microsoft.com/win/2004/08/events/event'><System><Provider Name='Microsoft-Windows-Security-Auditing'/><EventID>4624</EventID><Level>0</Level><TimeCreated SystemTime='2026-09-17T13:09:53.000000000Z'/><EventRecordID>500118</EventRecordID><Channel>Security</Channel><Computer>DC01.corp.test</Computer></System><EventData><Data Name="SubjectUserSid">S-1-5-18</Data><Data Name="TargetUserName">Administrator</Data><Data Name="TargetDomainName">CORP</Data><Data Name="LogonType">3</Data><Data Name="IpAddress">10.0.2.45</Data><Data Name="IpPort">4326</Data><Data Name="AuthenticationPackageName">NTLM</Data><Data Name="LogonGuid">{00000000-0000-0000-0000-000000000000}</Data></EventData></Event>
<Event xmlns='http://schemas.microsoft.com/win/2004/08/events/event'><System><Provider Name='Microsoft-Windows-Security-Auditing'/><EventID>4625</EventID><Level>0</Level><TimeCreated SystemTime='2026-09-17T13:10:00.000000000Z'/><EventRecordID>500119</EventRecordID><Channel>Security</Channel><Computer>DC01.corp.test</Computer></System><EventData><Data Name="SubjectUserSid">S-1-5-18</Data><Data Name="TargetUserName">svc_backup</Data><Data Name="TargetDomainName">CORP</Data><Data Name="LogonType">2</Data><Data Name="IpAddress">45.83.64.12</Data><Data Name="IpPort">49488</Data><Data Name="AuthenticationPackageName">NTLM</Data><Data Name="Status">0xc000006d</Data><Data Name="SubStatus">0xc0000064</Data></EventData></Event>
