<Event xmlns='http://schemas.microsoft.com/win/2004/08/events/event'><System><Provider Name='Microsoft-Windows-Security-Auditing'/><EventID>4625</EventID><Level>0</Level><TimeCreated SystemTime='2026-09-17T12:56:07.000000000Z'/><EventRecordID>500000</EventRecordID><Channel>Security</Channel><Computer>DC01.corp.test</Computer></System><EventData><Data Name="SubjectUserSid">S-1-5-18</Data><Data Name="TargetUserName">guest</Data><Data Name="TargetDomainName">CORP</Data><Data Name="LogonType">2</Data><Data Name="IpAddress">198.18.0.9</Data><Data Name="IpPort">42896</Data><Data Name="AuthenticationPackageName">NTLM</Data><Data Name="Status">0xc000006d</Data><Data Name="SubStatus">0xc0000064</Data></EventData></Event>
<Event xmlns='http://schemas.microsoft.com/win/2004/08/events/event'><System><Provider Name='Microsoft-Windows-Security-Auditing'/><EventID>4625</EventID><Level>0</Level><TimeCreated SystemTime='2026-09-17T12:56:14.000000000Z'/><EventRecordID>500001</EventRecordID><Channel>Security</Channel><Computer>DC01.corp.test</Computer></System><EventData><Data Name="SubjectUserSid">S-1-5-18</Data><Data Name="TargetUserName">svc_backup</Data><Data Name="TargetDomainName">CORP</Data><Data Name="LogonType">2</Data><Data Name="IpAddress">45.83.64.12</Data><Data Name="IpPort">45581</Data><Data Name="AuthenticationPackageName">NTLM</Data><Data Name="Status">0xc000006d</Data><Data Name="SubStatus">0xc0000064</Data></EventData></Event>
<Event xmlns='http://schemas.microsoft.com/win/2004/08/events/event'><System><Provider Name='Microsoft-Windows-Security-Auditing'/><EventID>4624</EventID><Level>0</Level><TimeCreated SystemTime='2026-09-17T12:56:21.000000000Z'/><EventRecordID>500002</EventRecordID><Channel>Security</Channel><Computer>DC01.corp.test</Computer></System><EventData><Data Name="SubjectUserSid">S-1-5-18</Data><Data Name="TargetUserName">guest</Data><Data Name="TargetDomainName">CORP</Data><Data Name="LogonType">2</Data><Data Name="IpAddress">10.0.0.55</Data><Data Name="IpPort">31850</Data><Data Name="AuthenticationPackageName">NTLM</Data><Data Name="LogonGuid">{00000000-0000-0000-0000-000000000000}</Data></EventData></Event>
<Event xmlns='http://schemas.microsoft.com/win/2004/08/events/event'><System><Provider Name='Microsoft-Windows-Security-Auditing'/><EventID>4624</EventID><Level>0</Level><TimeCreated SystemTime='2026-09-17T12:56:28.000000000Z'/><EventRecordID>500003</EventRecordID><Channel>Security</Channel><Computer>DC01.corp.test</Computer></System><EventData><Data Name="SubjectUserSid">S-1-5-18</Data><Data Name="TargetUserName">jdoe</Data><Data Name="TargetDomainName">CORP</Data><Data Name="LogonType">10</Data><Data Name="IpAddress">10.0.0.26</Data><Data Name="IpPort">10598</Data><Data Name="AuthenticationPackageName">NTLM</Data><Data Name="LogonGuid">{00000000-0000-0000-0000-000000000000}</Data></EventData></Event>
<Event xmlns='http://schemas.microsoft.com/win/2004/08/events/event'><System><Provider Name='Microsoft-Windows-Security-Auditing'/><EventID>4625</EventID><Level>0</Level><TimeCreated SystemTime='2026-09-17T12:56:35.000000000Z'/><EventRecordID>500004</EventRecordID><Channel>Security</Channel><Computer>DC01.corp.test</Computer></System><EventData><Data Name="SubjectUserSid">S-1-5-18</Data><Data Name="TargetUserName">Administrator</Data><Data Name="TargetDomainName">CORP</Data><Data Name="LogonType">3</Data><Data Name="IpAddress">198.18.7.41</Data><Data Name="IpPort">59882</Data><Data Name="AuthenticationPackageName">NTLM</Data><Data Name="Status">0xc000006d</Data><Data Name="SubStatus">0xc0000064</Data></EventData></Event>
<Event xmlns='http://schemas.microsoft.com/win/2004/08/events/event'><System><Provider Name='Microsoft-Windows-Security-Auditing'/><EventID>4625</EventID><Level>0</Level><TimeCreated SystemTime='2026-09-17T12:56:42.000000000Z'/><EventRecordID>500005</EventRecordID><Channel>Security</Channel><Computer>DC01.corp.test</Computer></System><EventData><Data Name="SubjectUserSid">S-1-5-18</Data><Data Name="TargetUserName">Administrator</Data><Data Name="TargetDomainName">CORP</Data><Data Name="LogonType">2</Data><Data Name="IpAddress">198.18.7.41</Data><Data Name="IpPort">5600</Data><Data Name="AuthenticationPackageName">NTLM</Data><Data Name="Status">0xc000006d</Data><Data Name="SubStatus">0xc0000064</Data></EventData></Event>
<Event xmlns='http://schemas.microsoft.com/win/2004/08/events/event'><System><Provider Name='Microsoft-Windows-Security-Auditing'/><EventID>4625</EventID><Level>0</Level><TimeCreated SystemTime='2026-09-17T12:56:49.000000000Z'/><EventRecordID>500006</EventRecordID><Channel>Security</Channel><Computer>DC01.corp.test</Computer></System><EventData><Data Name="SubjectUserSid">S-1-5-18</Data><Data Name="TargetUserName">guest</Data><Data Name="TargetDomainName">CORP</Data><Data Name="LogonType">3</Data><Data Name="IpAddress">198.18.7.41</Data><Data Name="IpPort">32150</Data><Data Name="AuthenticationPackageName">NTLM</Data><Data Name="Status">0xc000006d</Data><Data Name="SubStatus">0xc0000064</Data></EventData></Event>
<Event xmlns='http://schemas.microsoft.com/win/2004/08/events/event'><System><Provider Name='Microsoft-Windows-Security-Auditing'/><EventID>4625</EventID><Level>0</Level><TimeCreated SystemTime='2026-09-17T12:56:56.000000000Z'/><EventRecordID>500007</EventRecordID><Channel>Security</Channel><Computer>DC01.corp.test</Computer></System><EventData><Data Name="SubjectUserSid">S-1-5-18</Data><Data Name="TargetUserName">svc_backup</Data><Data Name="TargetDomainName">CORP</Data><Data Name="LogonType">10</Data><Data Name="IpAddress">198.18.7.41</Data><Data Name="IpPort">36517</Data><Data Name="AuthenticationPackageName">NTLM</Data><Data Name="Status">0xc000006d</Data><Data Name="SubStatus">0xc0000064</Data></EventData></Event>
<Event xmlns='http://schemas.microsoft.com/win/2004/08/events/event'><System><Provider Name='Microsoft-Windows-Security-Auditing'/><EventID>4625</EventID><Level>0</Level><TimeCreated SystemTime='2026-09-17T12:57:03.000000000Z'/><EventRecordID>500008</EventRecordID><Channel>Security</Channel><Computer>DC01.corp.test</Computer></System><EventData><Data Name="SubjectUserSid">S-1-5-18</Data><Data Name="TargetUserName">Administrator</Data><Data Name="TargetDomainName">CORP</Data><Data Name="LogonType">3</Data><Data Name="IpAddress">198.18.7.41</Data><Data Name="IpPort">54351</Data><Data Name="AuthenticationPackageName">NTLM</Data><Data Name="Status">0xc000006d</Data><Data Name="SubStatus">0xc0000064</Data></EventData></Event>
<Event xmlns='http://schemas.microsoft.com/win/2004/08/events/event'><System><Provider Name='Microsoft-Windows-Security-Auditing'/><EventID>4624</EventID><Level>0</Level><TimeCreated SystemTime='2026-09-17T12:57:10.000000000Z'/><EventRecordID>500009</EventRecordID><Channel>Security</Channel><Computer>DC01.corp.test</Computer></System><EventData><Data Name="SubjectUserSid">S-1-5-18</Data><Data Name="TargetUserName">svc_backup</Data><Data Name="TargetDomainName">CORP</Data><Data Name="LogonType">2</Data><Data Name="IpAddress">10.0.1.44</Data><Data Name="IpPort">4611</Data><Data Name="AuthenticationPackageName">NTLM</Data><Data Name="LogonGuid">{00000000-0000-0000-0000-000000000000}</Data></EventData></Event>
<Event xmlns='http://schemas.microsoft.com/win/2004/08/events/event'><System><Provider Name='Microsoft-Windows-Security-Auditing'/><EventID>4624</EventID><Level>0</Level><TimeCreated SystemTime='2026-09-17T12:57:17.000000000Z'/><EventRecordID>500010</EventRecordID><Channel>Security</Channel><Computer>DC01.corp.test</Computer></System><EventData><Data Name="SubjectUserSid">S-1-5-18</Data><Data Name="TargetUserName">Administrator</Data><Data Name="TargetDomainName">CORP</Data><Data Name="LogonType">10</Data><Data Name="IpAddress">10.0.1.24</Data><Data Name="IpPort">2939</Data><Data Name="AuthenticationPackageName">NTLM</Data><Data Name="LogonGuid">{00000000-0000-0000-0000-000000000000}</Data></EventData></Event>
<Event xmlns='http://schemas.microsoft.com/win/2004/08/events/event'><System><Provider Name='Microsoft-Windows-Security-Auditing'/><EventID>4625</EventID><Level>0</Level><TimeCreated SystemTime='2026-09-17T12:57:24.000000000Z'/><EventRecordID>500011</EventRecordID><Channel>Security</Channel><Computer>DC01.corp.test</Computer></System><EventData><Data Name="SubjectUserSid">S-1-5-18</Data><Data Name="TargetUserName">guest</Data><Data Name="TargetDomainName">CORP</Data><Data Name="LogonType">10</Data><Data Name="IpAddress">45.83.64.12</Data><Data Name="IpPort">43418</Data><Data Name="AuthenticationPackageName">NTLM</Data><Data Name="Status">0xc000006d</Data><Data Name="SubStatus">0xc0000064</Data></EventData></Event>
<Event xmlns='http://schemas.microsoft.com/win/2004/08/events/event'><System><Provider Name='Microsoft-Windows-Security-Auditing'/><EventID>4624</EventID><Level>0</Level><TimeCreated SystemTime='2026-09-17T12:57:31.000000000Z'/><EventRecordID>500012</EventRecordID><Channel>Security</Channel><Computer>DC01.corp.test</Computer></System><EventData><Data Name="SubjectUserSid">S-1-5-18</Data><Data Name="TargetUserName">svc_backup</Data><Data Name="TargetDomainName">CORP</Data><Data Name="LogonType">3</Data><Data Name="IpAddress">10.0.0.32</Data><Data Name="IpPort">13788</Data><Data Name="AuthenticationPackageName">NTLM</Data><Data Name="LogonGuid">{00000000-0000-0000-0000-000000000000}</Data></EventData></Event>
<Event xmlns='http://schemas.microsoft.com/win/2004/08/events/event'><System><Provider Name='Microsoft-Windows-Security-Auditing'/><EventID>4625</EventID><Level>0</Level><TimeCreated SystemTime='2026-09-17T12:57:38.000000000Z'/><EventRecordID>500013</EventRecordID><Channel>Security</Channel><Computer>DC01.corp.test</Computer></System><EventData><Data Name="SubjectUserSid">S-1-5-18</Data><Data Name="TargetUserName">Administrator</Data><Data Name="TargetDomainName">CORP</Data><Data Name="LogonType">3</Data><Data Name="IpAddress">45.83.64.12</Data><Data Name="IpPort">3699</Data><Data Name="AuthenticationPackageName">NTLM</Data><Data Name="Status">0xc000006d</Data><Data Name="SubStatus">0xc0000064</Data></EventData></Event>
<Event xmlns='http://schemas.microsoft.com/win/2004/08/events/event'><System><Provider Name='Microsoft-Windows-Security-Auditing'/><EventID>4624</EventID><Level>0</Level><TimeCreated SystemTime='2026-09-17T12:57:45.000000000Z'/><EventRecordID>500014</EventRecordID><Channel>Security</Channel><Computer>DC01.corp.test</Computer></System><EventData><Data Name="SubjectUserSid">S-1-5-18</Data><Data Name="TargetUserName">svc_backup</Data><Data Name="TargetDomainName">CORP</Data><Data Name="LogonType">3</Data><Data Name="IpAddress">10.0.0.27</Data><Data Name="IpPort">64388</Data><Data Name="AuthenticationPackageName">NTLM</Data><Data Name="LogonGuid">{00000000-0000-0000-0000-000000000000}</Data></EventData></Event>
<Event xmlns='http://schemas.microsoft.com/win/2004/08/events/event'><System><Provider Name='Microsoft-Windows-Security-Auditing'/><EventID>4624</EventID><Level>0</Level><TimeCreated SystemTime='2026-09-17T12:57:52.000000000Z'/><EventRecordID>500015</EventRecordID><Channel>Security</Channel><Computer>DC01.corp.test</Computer></System><EventData><Data Name="SubjectUserSid">S-1-5-18</Data><Data Name="TargetUserName">svc_backup</Data><Data Name="TargetDomainName">CORP</Data><Data Name="LogonType">3</Data><Data Name="IpAddress">10.0.0.49</Data><Data Name="IpPort">6808</Data><Data Name="AuthenticationPackageName">NTLM</Data><Data Name="LogonGuid">{00000000-0000-0000-0000-000000000000}</Data></EventData></Event>
<Event xmlns='http://schemas.microsoft.com/win/2004/08/events/event'><System><Provider Name='Microsoft-Windows-Security-Auditing'/><EventID>4625</EventID><Level>0</Level><TimeCreated SystemTime='2026-09-17T12:57:59.000000000Z'/><EventRecordID>500016</EventRecordID><Channel>Security</Channel><Computer>DC01.corp.test</Computer></System><EventData><Data Name="SubjectUserSid">S-1-5-18</Data><Data Name="TargetUserName">Administrator</Data><Data Name="TargetDomainName">CORP</Data><Data Name="LogonType">2</Data><Data Name="IpAddress">198.18.7.41</Data><Data Name="IpPort">17144</Data><Data Name="AuthenticationPackageName">NTLM</Data><Data Name="Status">0xc000006d</Data><Data Name="SubStatus">0xc0000064</Data></EventData></Event>
<Event xmlns='http://schemas.microsoft.com/win/2004/08/events/event'><System><Provider Name='Microsoft-Windows-Security-Auditing'/><EventID>4624</EventID><Level>0</Level><TimeCreated SystemTime='2026-09-17T12:58:06.000000000Z'/><EventRecordID>500017</EventRecordID><Channel>Security</Channel><Computer>DC01.corp.test</Computer></System><EventData><Data Name="SubjectUserSid">S-1-5-18</Data><Data Name="TargetUserName">guest</Data><Data Name="TargetDomainName">CORP</Data><Data Name="LogonType">10</Data><Data Name="IpAddress">10.0.0.11</Data><Data Name="IpPort">26637</Data><Data Name="AuthenticationPackageName">NTLM</Data><Data Name="LogonGuid">{00000000-0000-0000-0000-000000000000}</Data></EventData></Event>
<Event xmlns='http://schemas.microsoft.com/win/2004/08/events/event'><System><Provider Name='Microsoft-Windows-Security-Auditing'/><EventID>4625</EventID><Level>0</Level><TimeCreated SystemTime='2026-09-17T12:58:13.000000000Z'/><EventRecordID>500018</EventRecordID><Channel>Security</Channel><Computer>DC01.corp.test</Computer></System><EventData><Data Name="SubjectUserSid">S-1-5-18</Data><Data Name="TargetUserName">guest</Data><Data Name="TargetDomainName">CORP</Data><Data Name="LogonType">3</Data><Data Name="IpAddress">198.18.7.41</Data><Data Name="IpPort">11757</Data><Data Name="AuthenticationPackageName">NTLM</Data><Data Name="Status">0xc000006d</Data><Data Name="SubStatus">0xc0000064</Data></EventData></Event>
<Event xmlns='http://schemas.microsoft.com/win/2004/08/events/event'><System><Provider Name='Microsoft-Windows-Security-Auditing'/><EventID>4624</EventID><Level>0</Level><TimeCreated SystemTime='2026-09-17T12:58:20.000000000Z'/><EventRecordID>500019</EventRecordID><Channel>Security</Channel><Computer>DC01.corp.test</Computer></System><EventData><Data Name="SubjectUserSid">S-1-5-18</Data><Data Name="TargetUserName">svc_backup</Data><Data Name="TargetDomainName">CORP</Data><Data Name="LogonType">2</Data><Data Name="IpAddress">10.0.1.37</Data><Data Name="IpPort">50149</Data><Data Name="AuthenticationPackageName">NTLM</Data><Data Name="LogonGuid">{00000000-0000-0000-0000-000000000000}</Data></EventData></Event>
<Event xmlns='http://schemas.microsoft.com/win/2004/08/events/event'><System><Provider Name='Microsoft-Windows-Security-Auditing'/><EventID>4625</EventID><Level>0</Level><TimeCreated SystemTime='2026-09-17T12:58:27.000000000Z'/><EventRecordID>500020</EventRecordID><Channel>Security</Channel><Computer>DC01.corp.test</Computer></System><EventData><Data Name="SubjectUserSid">S-1-5-18</Data><Data Name="TargetUserName">jdoe</Data><Data Name="TargetDomainName">CORP</Data><Data Name="LogonType">10</Data><Data Name="IpAddress">198.18.7.41</Data><Data Name="IpPort">3306</Data><Data Name="AuthenticationPackageName">NTLM</Data><Data Name="Status">0xc000006d</Data><Data Name="SubStatus">0xc0000064</Data></EventData></Event>
<Event xmlns='http://schemas.microsoft.com/win/2004/08/events/event'><System><Provider Name='Microsoft-Windows-Security-Auditing'/><EventID>4625</EventID><Level>0</Level><TimeCreated SystemTime='2026-09-17T12:58:34.000000000Z'/><EventRecordID>500021</EventRecordID><Channel>Security</Channel><Computer>DC01.corp.test</Computer></System><EventData><Data Name="SubjectUserSid">S-1-5-18</Data><Data Name="TargetUserName">guest</Data><Data Name="TargetDomainName">CORP</Data><Data Name="LogonType">3</Data><Data Name="IpAddress">45.83.64.12</Data><Data Name="IpPort">49865</Data><Data Name="AuthenticationPackageName">NTLM</Data><Data Name="Status">0xc000006d</Data><Data Name="SubStatus">0xc0000064</Data></EventData></Event>
<Event xmlns='http://schemas.microsoft.com/win/2004/08/events/event'><System><Provider Name='Microsoft-Windows-Security-Auditing'/><EventID>4624</EventID><Level>0</Level><TimeCreated SystemTime='2026-09-17T12:58:41.000000000Z'/><EventRecordID>500022</EventRecordID><Channel>Security</Channel><Computer>DC01.corp.test</Computer></System><EventData><Data Name="SubjectUserSid">S-1-5-18</Data><Data Name="TargetUserName">svc_backup</Data><Data Name="TargetDomainName">CORP</Data><Data Name="LogonType">2</Data><Data Name="IpAddress">10.0.1.32</Data><Data Name="IpPort">6766</Data><Data Name="AuthenticationPackageName">NTLM</Data><Data Name="LogonGuid">{00000000-0000-0000-0000-000000000000}</Data></EventData></Event>
<Event xmlns='http://schemas.microsoft.com/win/2004/08/events/event'><System><Provider Name='Microsoft-Windows-Security-Auditing'/><EventID>4625</EventID><Level>0</Level><TimeCreated SystemTime='2026-09-17T12:58:48.000000000Z'/><EventRecordID>500023</EventRecordID><Channel>Security</Channel><Computer>DC01.corp.test</Computer></System><EventData><Data Name="SubjectUserSid">S-1-5-18</Data><Data Name="TargetUserName">Administrator</Data><Data Name="TargetDomainName">CORP</Data><Data Name="LogonType">10</Data><Data Name="IpAddress">198.18.0.9</Data><Data Name="IpPort">2692</Data><Data Name="AuthenticationPackageName">NTLM</Data><Data Name="Status">0xc000006d</Data><Data Name="SubStatus">0xc0000064</Data></EventData></Event>
<Event xmlns='http://schemas.microsoft.com/win/2004/08/events/event'><System><Provider Name='Microsoft-Windows-Security-Auditing'/><EventID>4624</EventID><Level>0</Level><TimeCreated SystemTime='2026-09-17T12:58:55.000000000Z'/><EventRecordID>500024</EventRecordID><Channel>Security</Channel><Computer>DC01.corp.test</Computer></System><EventData><Data Name="SubjectUserSid">S-1-5-18</Data><Data Name="TargetUserName">svc_backup</Data><Data Name="TargetDomainName">CORP</Data><Data Name="LogonType">3</Data><Data Name="IpAddress">10.0.0.54</Data><Data Name="IpPort">58074</Data><Data Name="AuthenticationPackageName">NTLM</Data><Data Name="LogonGuid">{00000000-0000-0000-0000-000000000000}</Data></EventData></Event>
<Event xmlns='http://schemas.microsoft.com/win/2004/08/events/event'><System><Provider Name='Microsoft-Windows-Security-Auditing'/><EventID>4624</EventID><Level>0</Level><TimeCreated SystemTime='2026-09-17T12:59:02.000000000Z'/><EventRecordID>500025</EventRecordID><Channel>Security</Channel><Computer>DC01.corp.test</Computer></System><EventData><Data Name="SubjectUserSid">S-1-5-18</Data><Data Name="TargetUserName">svc_backup</Data><Data Name="TargetDomainName">CORP</Data><Data Name="LogonType">2</Data><Data Name="IpAddress">10.0.0.25</Data><Data Name="IpPort">40851</Data><Data Name="AuthenticationPackageName">NTLM</Data><Data Name="LogonGuid">{00000000-0000-0000-0000-000000000000}</Data></EventData></Event>
<Event xmlns='http://schemas.microsoft.com/win/2004/08/events/event'><System><Provider Name='Microsoft-Windows-Security-Auditing'/><EventID>4624</EventID><Level>0</Level><TimeCreated SystemTime='2026-09-17T12:59:09.000000000Z'/><EventRecordID>500026</EventRecordID><Channel>Security</Channel><Computer>DC01.corp.test</Computer></System><EventData><Data Name="SubjectUserSid">S-1-5-18</Data><Data Name="TargetUserName">guest</Data><Data Name="TargetDomainName">CORP</Data><Data Name="LogonType">3</Data><Data Name="IpAddress">10.0.2.15</Data><Data Name="IpPort">34862</Data><Data Name="AuthenticationPackageName">NTLM</Data><Data Name="LogonGuid">{00000000-0000-0000-0000-000000000000}</Data></EventData></Event>
<Event xmlns='http://schemas.microsoft.com/win/2004/08/events/event'><System><Provider Name='Microsoft-Windows-Security-Auditing'/><EventID>4624</EventID><Level>0</Level><TimeCreated SystemTime='2026-09-17T12:59:16.000000000Z'/><EventRecordID>500027</EventRecordID><Channel>Security</Channel><Computer>DC01.corp.test</Computer></System><EventData><Data Name="SubjectUserSid">S-1-5-18</Data><Data Name="TargetUserName">jdoe</Data><Data Name="TargetDomainName">CORP</Data><Data Name="LogonType">3</Data><Data Name="IpAddress">10.0.2.59</Data><Data Name="IpPort">18544</Data><Data Name="AuthenticationPackageName">NTLM</Data><Data Name="LogonGuid">{00000000-0000-0000-0000-000000000000}</Data></EventData></Event>
<Event xmlns='http://schemas.microsoft.com/win/2004/08/events/event'><System><Provider Name='Microsoft-Windows-Security-Auditing'/><EventID>4624</EventID><Level>0</Level><TimeCreated SystemTime='2026-09-17T12:59:23.000000000Z'/><EventRecordID>500028</EventRecordID><Channel>Security</Channel><Computer>DC01.corp.test</Computer></System><EventData><Data Name="SubjectUserSid">S-1-5-18</Data><Data Name="TargetUserName">Administrator</Data><Data Name="TargetDomainName">CORP</Data><Data Name="LogonType">3</Data><Data Name="IpAddress">10.0.0.16</Data><Data Name="IpPort">55749</Data><Data Name="AuthenticationPackageName">NTLM</Data><Data Name="LogonGuid">{00000000-0000-0000-0000-000000000000}</Data></EventData></Event>
<Event xmlns='http://schemas.microsoft.com/win/2004/08/events/event'><System><Provider Name='Microsoft-Windows-Security-Auditing'/><EventID>4625</EventID><Level>0</Level><TimeCreated SystemTime='2026-09-17T12:59:30.000000000Z'/><EventRecordID>500029</EventRecordID><Channel>Security</Channel><Computer>DC01.corp.test</Computer></System><EventData><Data Name="SubjectUserSid">S-1-5-18</Data><Data Name="TargetUserName">svc_backup</Data><Data Name="TargetDomainName">CORP</Data><Data Name="LogonType">2</Data><Data Name="IpAddress">45.83.64.12</Data><Data Name="IpPort">31514</Data><Data Name="AuthenticationPackageName">NTLM</Data><Data Name="Status">0xc000006d</Data><Data Name="SubStatus">0xc0000064</Data></EventData></Event>
<Event xmlns='http://schemas.microsoft.com/win/2004/08/events/event'><System><Provider Name='Microsoft-Windows-Security-Auditing'/><EventID>4625</EventID><Level>0</Level><TimeCreated SystemTime='2026-09-17T12:59:37.000000000Z'/><EventRecordID>500030</EventRecordID><Channel>Security</Channel><Computer>DC01.corp.test</Computer></System><EventData><Data Name="SubjectUserSid">S-1-5-18</Data><Data Name="TargetUserName">guest</Data><Data Name="TargetDomainName">CORP</Data><Data Name="LogonType">10</Data><Data Name="IpAddress">198.18.0.9</Data><Data Name="IpPort">41395</Data><Data Name="AuthenticationPackageName">NTLM</Data><Data Name="Status">0xc000006d</Data><Data Name="SubStatus">0xc0000064</Data></EventData></Event>
<Event xmlns='http://schemas.microsoft.com/win/2004/08/events/event'><System><Provider Name='Microsoft-Windows-Security-Auditing'/><EventID>4625</EventID><Level>0</Level><TimeCreated SystemTime='2026-09-17T12:59:44.000000000Z'/><EventRecordID>500031</EventRecordID><Channel>Security</Channel><Computer>DC01.corp.test</Computer></System><EventData><Data Name="SubjectUserSid">S-1-5-18</Data><Data Name="TargetUserName">Administrator</Data><Data Name="TargetDomainName">CORP</Data><Data Name="LogonType">10</Data><Data Name="IpAddress">198.18.7.41</Data><Data Name="IpPort">48552</Data><Data Name="AuthenticationPackageName">NTLM</Data><Data Name="Status">0xc000006d</Data><Data Name="SubStatus">0xc0000064</Data></EventData></Event>
<Event xmlns='http://schemas.microsoft.com/win/2004/08/events/event'><System><Provider Name='Microsoft-Windows-Security-Auditing'/><EventID>4625</EventID><Level>0</Level><TimeCreated SystemTime='2026-09-17T12:59:51.000000000Z'/><EventRecordID>500032</EventRecordID><Channel>Security</Channel><Computer>DC01.corp.test</Computer></System><EventData><Data Name="SubjectUserSid">S-1-5-18</Data><Data Name="TargetUserName">guest</Data><Data Name="TargetDomainName">CORP</Data><Data Name="LogonType">10</Data><Data Name="IpAddress">198.18.0.9</Data><Data Name="IpPort">51690</Data><Data Name="AuthenticationPackageName">NTLM</Data><Data Name="Status">0xc000006d</Data><Data Name="SubStatus">0xc0000064</Data></EventData></Event>
<Event xmlns='http://schemas.microsoft.com/win/2004/08/events/event'><System><Provider Name='Microsoft-Windows-Security-Auditing'/><EventID>4625</EventID><Level>0</Level><TimeCreated SystemTime='2026-09-17T12:59:58.000000000Z'/><EventRecordID>500033</EventRecordID><Channel>Security</Channel><Computer>DC01.corp.test</Computer></System><EventData><Data Name="SubjectUserSid">S-1-5-18</Data><Data Name="TargetUserName">guest</Data><Data Name="TargetDomainName">CORP</Data><Data Name="LogonType">2</Data><Data Name="IpAddress">198.18.0.9</Data><Data Name="IpPort">9819</Data><Data Name="AuthenticationPackageName">NTLM</Data><Data Name="Status">0xc000006d</Data><Data Name="SubStatus">0xc0000064</Data></EventData></Event>
<Event xmlns='http://schemas.microsoft.com/win/2004/08/events/event'><System><Provider Name='Microsoft-Windows-Security-Auditing'/><EventID>4624</EventID><Level>0</Level><TimeCreated SystemTime='2026-09-17T13:00:05.000000000Z'/><EventRecordID>500034</EventRecordID><Channel>Security</Channel><Computer>DC01.corp.test</Computer></System><EventData><Data Name="SubjectUserSid">S-1-5-18</Data><Data Name="TargetUserName">svc_backup</Data><Data Name="TargetDomainName">CORP</Data><Data Name="LogonType">2</Data><Data Name="IpAddress">10.0.2.43</Data><Data Name="IpPort">58581</Data><Data Name="AuthenticationPackageName">NTLM</Data><Data Name="LogonGuid">{00000000-0000-0000-0000-000000000000}</Data></EventData></Event>
<Event xmlns='http://schemas.microsoft.com/win/2004/08/events/event'><System><Provider Name='Microsoft-Windows-Security-Auditing'/><EventID>4624</EventID><Level>0</Level><TimeCreated SystemTime='2026-09-17T13:00:12.000000000Z'/><EventRecordID>500035</EventRecordID><Channel>Security</Channel><Computer>DC01.corp.test</Computer></System><EventData><Data Name="SubjectUserSid">S-1-5-18</Data><Data Name="TargetUserName">svc_backup</Data><Data Name="TargetDomainName">CORP</Data><Data Name="LogonType">2</Data><Data Name="IpAddress">10.0.1.55</Data><Data Name="IpPort">45615</Data><Data Name="AuthenticationPackageName">NTLM</Data><Data Name="LogonGuid">{00000000-0000-0000-0000-000000000000}</Data></EventData></Event>
<Event xmlns='http://schemas.microsoft.com/win/2004/08/events/event'><System><Provider Name='Microsoft-Windows-Security-Auditing'/><EventID>4625</EventID><Level>0</Level><TimeCreated SystemTime='2026-09-17T13:00:19.000000000Z'/><EventRecordID>500036</EventRecordID><Channel>Security</Channel><Computer>DC01.corp.test</Computer></System><EventData><Data Name="SubjectUserSid">S-1-5-18</Data><Data Name="TargetUserName">guest</Data><Data Name="TargetDomainName">CORP</Data><Data Name="LogonType">2</Data><Data Name="IpAddress">45.83.64.12</Data><Data Name="IpPort">62853</Data><Data Name="AuthenticationPackageName">NTLM</Data><Data Name="Status">0xc000006d</Data><Data Name="SubStatus">0xc0000064</Data></EventData></Event>
<Event xmlns='http://schemas.microsoft.com/win/2004/08/events/event'><System><Provider Name='Microsoft-Windows-Security-Auditing'/><EventID>4624</EventID><Level>0</Level><TimeCreated SystemTime='2026-09-17T13:00:26.000000000Z'/><EventRecordID>500037</EventRecordID><Channel>Security</Channel><Computer>DC01.corp.test</Computer></System><EventData><Data Name="SubjectUserSid">S-1-5-18</Data><Data Name="TargetUserName">guest</Data><Data Name="TargetDomainName">CORP</Data><Data Name="LogonType">3</Data><Data Name="IpAddress">10.0.2.52</Data><Data Name="IpPort">3020</Data><Data Name="AuthenticationPackageName">NTLM</Data><Data Name="LogonGuid">{00000000-0000-0000-0000-000000000000}</Data></EventData></Event>
<Event xmlns='http://schemas.microsoft.com/win/2004/08/events/event'><System><Provider Name='Microsoft-Windows-Security-Auditing'/><EventID>4625</EventID><Level>0</Level><TimeCreated SystemTime='2026-09-17T13:00:33.000000000Z'/><EventRecordID>500038</EventRecordID><Channel>Security</Channel><Computer>DC01.corp.test</Computer></System><EventData><Data Name="SubjectUserSid">S-1-5-18</Data><Data Name="TargetUserName">guest</Data><Data Name="TargetDomainName">CORP</Data><Data Name="LogonType">2</Data><Data Name="IpAddress">45.83.64.12</Data><Data Name="IpPort">45685</Data><Data Name="AuthenticationPackageName">NTLM</Data><Data Name="Status">0xc000006d</Data><Data Name="SubStatus">0xc0000064</Data></EventData></Event>
<Event xmlns='http://schemas.microsoft.com/win/2004/08/events/event'><System><Provider Name='Microsoft-Windows-Security-Auditing'/><EventID>4624</EventID><Level>0</Level><TimeCreated SystemTime='2026-09-17T13:00:40.000000000Z'/><EventRecordID>500039</EventRecordID><Channel>Security</Channel><Computer>DC01.corp.test</Computer></System><EventData><Data Name="SubjectUserSid">S-1-5-18</Data><Data Name="TargetUserName">Administrator</Data><Data Name="TargetDomainName">CORP</Data><Data Name="LogonType">3</Data><Data Name="IpAddress">10.0.0.31</Data><Data Name="IpPort">8305</Data><Data Name="AuthenticationPackageName">NTLM</Data><Data Name="LogonGuid">{00000000-0000-0000-0000-000000000000}</Data></EventData></Event>
<Event xmlns='http://schemas.microsoft.com/win/2004/08/events/event'><System><Provider Name='Microsoft-Windows-Security-Auditing'/><EventID>4625</EventID><Level>0</Level><TimeCreated SystemTime='2026-09-17T13:00:47.000000000Z'/><EventRecordID>500040</EventRecordID><Channel>Security</Channel><Computer>DC01.corp.test</Computer></System><EventData><Data Name="SubjectUserSid">S-1-5-18</Data><Data Name="TargetUserName">guest</Data><Data Name="TargetDomainName">CORP</Data><Data Name="LogonType">2</Data><Data Name="IpAddress">45.83.64.12</Data><Data Name="IpPort">38115</Data><Data Name="AuthenticationPackageName">NTLM</Data><Data Name="Status">0xc000006d</Data><Data Name="SubStatus">0xc0000064</Data></EventData></Event>
<Event xmlns='http://schemas.microsoft.com/win/2004/08/events/event'><System><Provider Name='Microsoft-Windows-Security-Auditing'/><EventID>4624</EventID><Level>0</Level><TimeCreated SystemTime='2026-09-17T13:00:54.000000000Z'/><EventRecordID>500041</EventRecordID><Channel>Security</Channel><Computer>DC01.corp.test</Computer></System><EventData><Data Name="SubjectUserSid">S-1-5-18</Data><Data Name="TargetUserName">guest</Data><Data Name="TargetDomainName">CORP</Data><Data Name="LogonType">10</Data><Data Name="IpAddress">10.0.1.37</Data><Data Name="IpPort">60191</Data><Data Name="AuthenticationPackageName">NTLM</Data><Data Name="LogonGuid">{00000000-0000-0000-0000-000000000000}</Data></EventData></Event>
<Event xmlns='http://schemas.microsoft.com/win/2004/08/events/event'><System><Provider Name='Microsoft-Windows-Security-Auditing'/><EventID>4625</EventID><Level>0</Level><TimeCreated SystemTime='2026-09-17T13:01:01.000000000Z'/><EventRecordID>500042</EventRecordID><Channel>Security</Channel><Computer>DC01.corp.test</Computer></System><EventData><Data Name="SubjectUserSid">S-1-5-18</Data><Data Name="TargetUserName">svc_backup</Data><Data Name="TargetDomainName">CORP</Data><Data Name="LogonType">10</Data><Data Name="IpAddress">198.18.0.9</Data><Data Name="IpPort">17104</Data><Data Name="AuthenticationPackageName">NTLM</Data><Data Name="Status">0xc000006d</Data><Data Name="SubStatus">0xc0000064</Data></EventData></Event>
<Event xmlns='http://schemas.microsoft.com/win/2004/08/events/event'><System><Provider Name='Microsoft-Windows-Security-Auditing'/><EventID>4624</EventID><Level>0</Level><TimeCreated SystemTime='2026-09-17T13:01:08.000000000Z'/><EventRecordID>500043</EventRecordID><Channel>Security</Channel><Computer>DC01.corp.test</Computer></System><EventData><Data Name="SubjectUserSid">S-1-5-18</Data><Data Name="TargetUserName">svc_backup</Data><Data Name="TargetDomainName">CORP</Data><Data Name="LogonType">3</Data><Data Name="IpAddress">10.0.2.15</Data><Data Name="IpPort">56339</Data><Data Name="AuthenticationPackageName">NTLM</Data><Data Name="LogonGuid">{00000000-0000-0000-0000-000000000000}</Data></EventData></Event>
<Event xmlns='http://schemas.microsoft.com/win/2004/08/events/event'><System><Provider Name='Microsoft-Windows-Security-Auditing'/><EventID>4625</EventID><Level>0</Level><TimeCreated SystemTime='2026-09-17T13:01:15.000000000Z'/><EventRecordID>500044</EventRecordID><Channel>Security</Channel><Computer>DC01.corp.test</Computer></System><EventData><Data Name="SubjectUserSid">S-1-5-18</Data><Data Name="TargetUserName">guest</Data><Data Name="TargetDomainName">CORP</Data><Data Name="LogonType">3</Data><Data Name="IpAddress">45.83.64.12</Data><Data Name="IpPort">63420</Data><Data Name="AuthenticationPackageName">NTLM</Data><Data Name="Status">0xc000006d</Data><Data Name="SubStatus">0xc0000064</Data></EventData></Event>
<Event xmlns='http://schemas.microsoft.com/win/2004/08/events/event'><System><Provider Name='Microsoft-Windows-Security-Auditing'/><EventID>4624</EventID><Level>0</Level><TimeCreated SystemTime='2026-09-17T13:01:22.000000000Z'/><EventRecordID>500045</EventRecordID><Channel>Security</Channel><Computer>DC01.corp.test</Computer></System><EventData><Data Name="SubjectUserSid">S-1-5-18</Data><Data Name="TargetUserName">Administrator</Data><Data Name="TargetDomainName">CORP</Data><Data Name="LogonType">10</Data><Data Name="IpAddress">10.0.0.50</Data><Data Name="IpPort">45896</Data><Data Name="AuthenticationPackageName">NTLM</Data><Data Name="LogonGuid">{00000000-0000-0000-0000-000000000000}</Data></EventData></Event>
<Event xmlns='http://schemas.microsoft.com/win/2004/08/events/event'><System><Provider Name='Microsoft-Windows-Security-Auditing'/><EventID>4624</EventID><Level>0</Level><TimeCreated SystemTime='2026-09-17T13:01:29.000000000Z'/><EventRecordID>500046</EventRecordID><Channel>Security</Channel><Computer>DC01.corp.test</Computer></System><EventData><Data Name="SubjectUserSid">S-1-5-18</Data><Data Name="TargetUserName">jdoe</Data><Data Name="TargetDomainName">CORP</Data><Data Name="LogonType">10</Data><Data Name="IpAddress">10.0.2.35</Data><Data Name="IpPort">57089</Data><Data Name="AuthenticationPackageName">NTLM</Data><Data Name="LogonGuid">{00000000-0000-0000-0000-000000000000}</Data></EventData></Event>
<Event xmlns='http://schemas.microsoft.com/win/2004/08/events/event'><System><Provider Name='Microsoft-Windows-Security-Auditing'/><EventID>4624</EventID><Level>0</Level><TimeCreated SystemTime='2026-09-17T13:01:36.000000000Z'/><EventRecordID>500047</EventRecordID><Channel>Security</Channel><Computer>DC01.corp.test</Computer></System><EventData><Data Name="SubjectUserSid">S-1-5-18</Data><Data Name="TargetUserName">jdoe</Data><Data Name="TargetDomainName">CORP</Data><Data Name="LogonType">2</Data><Data Name="IpAddress">10.0.2.18</Data><Data Name="IpPort">25766</Data><Data Name="AuthenticationPackageName">NTLM</Data><Data Name="LogonGuid">{00000000-0000-0000-0000-000000000000}</Data></EventData></Event>
<Event xmlns='http://schemas.microsoft.com/win/2004/08/events/event'><System><Provider Name='Microsoft-Windows-Security-Auditing'/><EventID>4625</EventID><Level>0</Level><TimeCreated SystemTime='2026-09-17T13:01:43.000000000Z'/><EventRecordID>500048</EventRecordID><Channel>Security</Channel><Computer>DC01.corp.test</Computer></System><EventData><Data Name="SubjectUserSid">S-1-5-18</Data><Data Name="TargetUserName">guest</Data><Data Name="TargetDomainName">CORP</Data><Data Name="LogonType">3</Data><Data Name="IpAddress">198.18.0.9</Data><Data Name="IpPort">30083</Data><Data Name="AuthenticationPackageName">NTLM</Data><Data Name="Status">0xc000006d</Data><Data Name="SubStatus">0xc0000064</Data></EventData></Event>
<Event xmlns='http://schemas.microsoft.com/win/2004/08/events/event'><System><Provider Name='Microsoft-Windows-Security-Auditing'/><EventID>4625</EventID><Level>0</Level><TimeCreated SystemTime='2026-09-17T13:01:50.000000000Z'/><EventRecordID>500049</EventRecordID><Channel>Security</Channel><Computer>DC01.corp.test</Computer></System><EventData><Data Name="SubjectUserSid">S-1-5-18</Data><Data Name="TargetUserName">svc_backup</Data><Data Name="TargetDomainName">CORP</Data><Data Name="LogonType">3</Data><Data Name="IpAddress">198.18.0.9</Data><Data Name="IpPort">10642</Data><Data Name="AuthenticationPackageName">NTLM</Data><Data Name="Status">0xc000006d</Data><Data Name="SubStatus">0xc0000064</Data></EventData></Event>
<Event xmlns='http://schemas.microsoft.com/win/2004/08/events/event'><System><Provider Name='Microsoft-Windows-Security-Auditing'/><EventID>4625</EventID><Level>0</Level><TimeCreated SystemTime='2026-09-17T13:01:57.000000000Z'/><EventRecordID>500050</EventRecordID><Channel>Security</Channel><Computer>DC01.corp.test</Computer></System><EventData><Data Name="SubjectUserSid">S-1-5-18</Data><Data Name="TargetUserName">jdoe</Data><Data Name="TargetDomainName">CORP</Data><Data Name="LogonType">3</Data><Data Name="IpAddress">198.18.0.9</Data><Data Name="IpPort">61206</Data><Data Name="AuthenticationPackageName">NTLM</Data><Data Name="Status">0xc000006d</Data><Data Name="SubStatus">0xc0000064</Data></EventData></Event>
<Event xmlns='http://schemas.microsoft.com/win/2004/08/events/event'><System><Provider Name='Microsoft-Windows-Security-Auditing'/><EventID>4625</EventID><Level>0</Level><TimeCreated SystemTime='2026-09-17T13:02:04.000000000Z'/><EventRecordID>500051</EventRecordID><Channel>Security</Channel><Computer>DC01.corp.test</Computer></System><EventData><Data Name="SubjectUserSid">S-1-5-18</Data><Data Name="TargetUserName">guest</Data><Data Name="TargetDomainName">CORP</Data><Data Name="LogonType">2</Data><Data Name="IpAddress">45.83.64.12</Data><Data Name="IpPort">21179</Data><Data Name="AuthenticationPackageName">NTLM</Data><Data Name="Status">0xc000006d</Data><Data Name="SubStatus">0xc0000064</Data></EventData></Event>
<Event xmlns='http://schemas.microsoft.com/win/2004/08/events/event'><System><Provider Name='Microsoft-Windows-Security-Auditing'/><EventID>4625</EventID><Level>0</Level><TimeCreated SystemTime='2026-09-17T13:02:11.000000000Z'/><EventRecordID>500052</EventRecordID><Channel>Security</Channel><Computer>DC01.corp.test</Computer></System><EventData><Data Name="SubjectUserSid">S-1-5-18</Data><Data Name="TargetUserName">Administrator</Data><Data Name="TargetDomainName">CORP</Data><Data Name="LogonType">3</Data><Data Name="IpAddress">198.18.7.41</Data><Data Name="IpPort">51100</Data><Data Name="AuthenticationPackageName">NTLM</Data><Data Name="Status">0xc000006d</Data><Data Name="SubStatus">0xc0000064</Data></EventData></Event>
<Event xmlns='http://schemas.microsoft.com/win/2004/08/events/event'><System><Provider Name='Microsoft-Windows-Security-Auditing'/><EventID>4624</EventID><Level>0</Level><TimeCreated SystemTime='2026-09-17T13:02:18.000000000Z'/><EventRecordID>500053</EventRecordID><Channel>Security</Channel><Computer>DC01.corp.test</Computer></System><EventData><Data Name="SubjectUserSid">S-1-5-18</Data><Data Name="TargetUserName">svc_backup</Data><Data Name="TargetDomainName">CORP</Data><Data Name="LogonType">3</Data><Data Name="IpAddress">10.0.2.37</Data><Data Name="IpPort">41732</Data><Data Name="AuthenticationPackageName">NTLM</Data><Data Name="LogonGuid">{00000000-0000-0000-0000-000000000000}</Data></EventData></Event>
<Event xmlns='http://schemas.microsoft.com/win/2004/08/events/event'><System><Provider Name='Microsoft-Windows-Security-Auditing'/><EventID>4625</EventID><Level>0</Level><TimeCreated SystemTime='2026-09-17T13:02:25.000000000Z'/><EventRecordID>500054</EventRecordID><Channel>Security</Channel><Computer>DC01.corp.test</Computer></System><EventData><Data Name="SubjectUserSid">S-1-5-18</Data><Data Name="TargetUserName">svc_backup</Data><Data Name="TargetDomainName">CORP</Data><Data Name="LogonType">2</Data><Data Name="IpAddress">198.18.7.41</Data><Data Name="IpPort">48360</Data><Data Name="AuthenticationPackageName">NTLM</Data><Data Name="Status">0xc000006d</Data><Data Name="SubStatus">0xc0000064</Data></EventData></Event>
<Event xmlns='http://schemas.microsoft.com/win/2004/08/events/event'><System><Provider Name='Microsoft-Windows-Security-Auditing'/><EventID>4625</EventID><Level>0</Level><TimeCreated SystemTime='2026-09-17T13:02:32.000000000Z'/><EventRecordID>500055</EventRecordID><Channel>Security</Channel><Computer>DC01.corp.test</Computer></System><EventData><Data Name="SubjectUserSid">S-1-5-18</Data><Data Name="TargetUserName">jdoe</Data><Data Name="TargetDomainName">CORP</Data><Data Name="LogonType">10</Data><Data Name="IpAddress">198.18.0.9</Data><Data Name="IpPort">20003</Data><Data Name="AuthenticationPackageName">NTLM</Data><Data Name="Status">0xc000006d</Data><Data Name="SubStatus">0xc0000064</Data></EventData></Event>
<Event xmlns='http://schemas.microsoft.com/win/2004/08/events/event'><System><Provider Name='Microsoft-Windows-Security-Auditing'/><EventID>4625</EventID><Level>0</Level><TimeCreated SystemTime='2026-09-17T13:02:39.000000000Z'/><EventRecordID>500056</EventRecordID><Channel>Security</Channel><Computer>DC01.corp.test</Computer></System><EventData><Data Name="SubjectUserSid">S-1-5-18</Data><Data Name="TargetUserName">jdoe</Data><Data Name="TargetDomainName">CORP</Data><Data Name="LogonType">10</Data><Data Name="IpAddress">198.18.7.41</Data><Data Name="IpPort">39662</Data><Data Name="AuthenticationPackageName">NTLM</Data><Data Name="Status">0xc000006d</Data><Data Name="SubStatus">0xc0000064</Data></EventData></Event>
<Event xmlns='http://schemas.microsoft.com/win/2004/08/events/event'><System><Provider Name='Microsoft-Windows-Security-Auditing'/><EventID>4625</EventID><Level>0</Level><TimeCreated SystemTime='2026-09-17T13:02:46.000000000Z'/><EventRecordID>500057</EventRecordID><Channel>Security</Channel><Computer>DC01.corp.test</Computer></System><EventData><Data Name="SubjectUserSid">S-1-5-18</Data><Data Name="TargetUserName">jdoe</Data><Data Name="TargetDomainName">CORP</Data><Data Name="LogonType">2</Data><Data Name="IpAddress">45.83.64.12</Data><Data Name="IpPort">48388</Data><Data Name="AuthenticationPackageName">NTLM</Data><Data Name="Status">0xc000006d</Data><Data Name="SubStatus">0xc0000064</Data></EventData></Event>
<Event xmlns='http://schemas.microsoft.com/win/2004/08/events/event'><System><Provider Name='Microsoft-Windows-Security-Auditing'/><EventID>4624</EventID><Level>0</Level><TimeCreated SystemTime='2026-09-17T13:02:53.000000000Z'/><EventRecordID>500058</EventRecordID><Channel>Security</Channel><Computer>DC01.corp.test</Computer></System><EventData><Data Name="SubjectUserSid">S-1-5-18</Data><Data Name="TargetUserName">svc_backup</Data><Data Name="TargetDomainName">CORP</Data><Data Name="LogonType">10</Data><Data Name="IpAddress">10.0.2.34</Data><Data Name="IpPort">37191</Data><Data Name="AuthenticationPackageName">NTLM</Data><Data Name="LogonGuid">{00000000-0000-0000-0000-000000000000}</Data></EventData></Event>
<Event xmlns='http://schemas.microsoft.com/win/2004/08/events/event'><System><Provider Name='Microsoft-Windows-Security-Auditing'/><EventID>4625</EventID><Level>0</Level><TimeCreated SystemTime='2026-09-17T13:03:00.000000000Z'/><EventRecordID>500059</EventRecordID><Channel>Security</Channel><Computer>DC01.corp.test</Computer></System><EventData><Data Name="SubjectUserSid">S-1-5-18</Data><Data Name="TargetUserName">Administrator</Data><Data Name="TargetDomainName">CORP</Data><Data Name="LogonType">2</Data><Data Name="IpAddress">198.18.7.41</Data><Data Name="IpPort">35509</Data><Data Name="AuthenticationPackageName">NTLM</Data><Data Name="Status">0xc000006d</Data><Data Name="SubStatus">0xc0000064</Data></EventData></Event>
<Event xmlns='http://schemas.microsoft.com/win/2004/08/events/event'><System><Provider Name='Microsoft-Windows-Security-Auditing'/><EventID>4624</EventID><Level>0</Level><TimeCreated SystemTime='2026-09-17T13:03:07.000000000Z'/><EventRecordID>500060</EventRecordID><Channel>Security</Channel><Computer>DC01.corp.test</Computer></System><EventData><Data Name="SubjectUserSid">S-1-5-18</Data><Data Name="TargetUserName">Administrator</Data><Data Name="TargetDomainName">CORP</Data><Data Name="LogonType">3</Data><Data Name="IpAddress">10.0.1.22</Data><Data Name="IpPort">30437</Data><Data Name="AuthenticationPackageName">NTLM</Data><Data Name="LogonGuid">{00000000-0000-0000-0000-000000000000}</Data></EventData></Event>
<Event xmlns='http://schemas.microsoft.com/win/2004/08/events/event'><System><Provider Name='Microsoft-Windows-Security-Auditing'/><EventID>4625</EventID><Level>0</Level><TimeCreated SystemTime='2026-09-17T13:03:14.000000000Z'/><EventRecordID>500061</EventRecordID><Channel>Security</Channel><Computer>DC01.corp.test</Computer></System><EventData><Data Name="SubjectUserSid">S-1-5-18</Data><Data Name="TargetUserName">Administrator</Data><Data Name="TargetDomainName">CORP</Data><Data Name="LogonType">3</Data><Data Name="IpAddress">198.18.0.9</Data><Data Name="IpPort">60102</Data><Data Name="AuthenticationPackageName">NTLM</Data><Data Name="Status">0xc000006d</Data><Data Name="SubStatus">0xc0000064</Data></EventData></Event>
<Event xmlns='http://schemas.microsoft.com/win/2004/08/events/event'><System><Provider Name='Microsoft-Windows-Security-Auditing'/><EventID>4624</EventID><Level>0</Level><TimeCreated SystemTime='2026-09-17T13:03:21.000000000Z'/><EventRecordID>500062</EventRecordID><Channel>Security</Channel><Computer>DC01.corp.test</Computer></System><EventData><Data Name="SubjectUserSid">S-1-5-18</Data><Data Name="TargetUserName">guest</Data><Data Name="TargetDomainName">CORP</Data><Data Name="LogonType">2</Data><Data Name="IpAddress">10.0.0.25</Data><Data Name="IpPort">12221</Data><Data Name="AuthenticationPackageName">NTLM</Data><Data Name="LogonGuid">{00000000-0000-0000-0000-000000000000}</Data></EventData></Event>
<Event xmlns='http://schemas.microsoft.com/win/2004/08/events/event'><System><Provider Name='Microsoft-Windows-Security-Auditing'/><EventID>4624</EventID><Level>0</Level><TimeCreated SystemTime='2026-09-17T13:03:28.000000000Z'/><EventRecordID>500063</EventRecordID><Channel>Security</Channel><Computer>DC01.corp.test</Computer></System><EventData><Data Name="SubjectUserSid">S-1-5-18</Data><Data Name="TargetUserName">jdoe</Data><Data Name="TargetDomainName">CORP</Data><Data Name="LogonType">2</Data><Data Name="IpAddress">10.0.0.6</Data><Data Name="IpPort">20017</Data><Data Name="AuthenticationPackageName">NTLM</Data><Data Name="LogonGuid">{00000000-0000-0000-0000-000000000000}</Data></EventData></Event>
<Event xmlns='http://schemas.microsoft.com/win/2004/08/events/event'><System><Provider Name='Microsoft-Windows-Security-Auditing'/><EventID>4625</EventID><Level>0</Level><TimeCreated SystemTime='2026-09-17T13:03:35.000000000Z'/><EventRecordID>500064</EventRecordID><Channel>Security</Channel><Computer>DC01.corp.test</Computer></System><EventData><Data Name="SubjectUserSid">S-1-5-18</Data><Data Name="TargetUserName">jdoe</Data><Data Name="TargetDomainName">CORP</Data><Data Name="LogonType">10</Data><Data Name="IpAddress">45.83.64.12</Data><Data Name="IpPort">1935</Data><Data Name="AuthenticationPackageName">NTLM</Data><Data Name="Status">0xc000006d</Data><Data Name="SubStatus">0xc0000064</Data></EventData></Event>
<Event xmlns='http://schemas.microsoft.com/win/2004/08/events/event'><System><Provider Name='Microsoft-Windows-Security-Auditing'/><EventID>4624</EventID><Level>0</Level><TimeCreated SystemTime='2026-09-17T13:03:42.000000000Z'/><EventRecordID>500065</EventRecordID><Channel>Security</Channel><Computer>DC01.corp.test</Computer></System><EventData><Data Name="SubjectUserSid">S-1-5-18</Data><Data Name="TargetUserName">jdoe</Data><Data Name="TargetDomainName">CORP</Data><Data Name="LogonType">3</Data><Data Name="IpAddress">10.0.0.27</Data><Data Name="IpPort">59457</Data><Data Name="AuthenticationPackageName">NTLM</Data><Data Name="LogonGuid">{00000000-0000-0000-0000-000000000000}</Data></EventData></Event>
<Event xmlns='http://schemas.microsoft.com/win/2004/08/events/event'><System><Provider Name='Microsoft-Windows-Security-Auditing'/><EventID>4624</EventID><Level>0</Level><TimeCreated SystemTime='2026-09-17T13:03:49.000000000Z'/><EventRecordID>500066</EventRecordID><Channel>Security</Channel><Computer>DC01.corp.test</Computer></System><EventData><Data Name="SubjectUserSid">S-1-5-18</Data><Data Name="TargetUserName">jdoe</Data><Data Name="TargetDomainName">CORP</Data><Data Name="LogonType">3</Data><Data Name="IpAddress">10.0.0.25</Data><Data Name="IpPort">58277</Data><Data Name="AuthenticationPackageName">NTLM</Data><Data Name="LogonGuid">{00000000-0000-0000-0000-000000000000}</Data></EventData></Event>
<Event xmlns='http://schemas.microsoft.com/win/2004/08/events/event'><System><Provider Name='Microsoft-Windows-Security-Auditing'/><EventID>4625</EventID><Level>0</Level><TimeCreated SystemTime='2026-09-17T13:03:56.000000000Z'/><EventRecordID>500067</EventRecordID><Channel>Security</Channel><Computer>DC01.corp.test</Computer></System><EventData><Data Name="SubjectUserSid">S-1-5-18</Data><Data Name="TargetUserName">jdoe</Data><Data Name="TargetDomainName">CORP</Data><Data Name="LogonType">10</Data><Data Name="IpAddress">198.18.7.41</Data><Data Name="IpPort">7703</Data><Data Name="AuthenticationPackageName">NTLM</Data><Data Name="Status">0xc000006d</Data><Data Name="SubStatus">0xc0000064</Data></EventData></Event>
<Event xmlns='http://schemas.microsoft.com/win/2004/08/events/event'><System><Provider Name='Microsoft-Windows-Security-Auditing'/><EventID>4624</EventID><Level>0</Level><TimeCreated SystemTime='2026-09-17T13:04:03.000000000Z'/><EventRecordID>500068</EventRecordID><Channel>Security</Channel><Computer>DC01.corp.test</Computer></System><EventData><Data Name="SubjectUserSid">S-1-5-18</Data><Data Name="TargetUserName">svc_backup</Data><Data Name="TargetDomainName">CORP</Data><Data Name="LogonType">2</Data><Data Name="IpAddress">10.0.2.59</Data><Data Name="IpPort">34725</Data><Data Name="AuthenticationPackageName">NTLM</Data><Data Name="LogonGuid">{00000000-0000-0000-0000-000000000000}</Data></EventData></Event>
